<?xml version="1.0" encoding="UTF-8"?>
<testng-results skipped="0" failed="0" ignored="0" total="3" passed="3">
  <reporter-output>
    <line>
      <![CDATA[Suite Starts]]>
    </line>
    <line>
      <![CDATA[Test Starts]]>
    </line>
    <line>
      <![CDATA[Test class Starts]]>
    </line>
    <line>
      <![CDATA[Method starts]]>
    </line>
    <line>
      <![CDATA[Test Method 1]]>
    </line>
    <line>
      <![CDATA[Method ends]]>
    </line>
    <line>
      <![CDATA[Method starts]]>
    </line>
    <line>
      <![CDATA[Test Method 2]]>
    </line>
    <line>
      <![CDATA[Method ends]]>
    </line>
    <line>
      <![CDATA[Method starts]]>
    </line>
    <line>
      <![CDATA[Test Method 3]]>
    </line>
    <line>
      <![CDATA[Method ends]]>
    </line>
    <line>
      <![CDATA[Test class Ends]]>
    </line>
    <line>
      <![CDATA[Test Ends]]>
    </line>
    <line>
      <![CDATA[Suite ends]]>
    </line>
  </reporter-output>
  <suite name="Default suite" duration-ms="58" started-at="2018-08-05T13:39:49Z" finished-at="2018-08-05T13:39:49Z">
    <groups>
    </groups>
    <test name="Default test" duration-ms="58" started-at="2018-08-05T13:39:49Z" finished-at="2018-08-05T13:39:49Z">
      <class name="script.Test1">
        <test-method status="PASS" signature="testBeforeSuite()[pri:0, instance:script.Test1@2781e022]" name="testBeforeSuite" is-config="true" duration-ms="13" started-at="2018-08-05T13:39:49Z" finished-at="2018-08-05T13:39:49Z">
          <reporter-output>
            <line>
              <![CDATA[Suite Starts]]>
            </line>
          </reporter-output>
        </test-method> <!-- testBeforeSuite -->
        <test-method status="PASS" signature="testBeforeTest()[pri:0, instance:script.Test1@2781e022]" name="testBeforeTest" is-config="true" duration-ms="1" started-at="2018-08-05T13:39:49Z" finished-at="2018-08-05T13:39:49Z">
          <reporter-output>
            <line>
              <![CDATA[Test Starts]]>
            </line>
          </reporter-output>
        </test-method> <!-- testBeforeTest -->
        <test-method status="PASS" signature="testBeforeClass()[pri:0, instance:script.Test1@2781e022]" name="testBeforeClass" is-config="true" duration-ms="0" started-at="2018-08-05T13:39:49Z" finished-at="2018-08-05T13:39:49Z">
          <reporter-output>
            <line>
              <![CDATA[Test class Starts]]>
            </line>
          </reporter-output>
        </test-method> <!-- testBeforeClass -->
        <test-method status="PASS" signature="testBeforeMethod()[pri:0, instance:script.Test1@2781e022]" name="testBeforeMethod" is-config="true" duration-ms="0" started-at="2018-08-05T13:39:49Z" finished-at="2018-08-05T13:39:49Z">
          <reporter-output>
            <line>
              <![CDATA[Method starts]]>
            </line>
          </reporter-output>
        </test-method> <!-- testBeforeMethod -->
        <test-method status="PASS" signature="test1()[pri:0, instance:script.Test1@2781e022]" name="test1" duration-ms="9" started-at="2018-08-05T13:39:49Z" finished-at="2018-08-05T13:39:49Z">
          <reporter-output>
            <line>
              <![CDATA[Test Method 1]]>
            </line>
          </reporter-output>
        </test-method> <!-- test1 -->
        <test-method status="PASS" signature="testAfterMethod()[pri:0, instance:script.Test1@2781e022]" name="testAfterMethod" is-config="true" duration-ms="1" started-at="2018-08-05T13:39:49Z" finished-at="2018-08-05T13:39:49Z">
          <reporter-output>
            <line>
              <![CDATA[Method ends]]>
            </line>
          </reporter-output>
        </test-method> <!-- testAfterMethod -->
        <test-method status="PASS" signature="testBeforeMethod()[pri:0, instance:script.Test1@2781e022]" name="testBeforeMethod" is-config="true" duration-ms="0" started-at="2018-08-05T13:39:49Z" finished-at="2018-08-05T13:39:49Z">
          <reporter-output>
            <line>
              <![CDATA[Method starts]]>
            </line>
          </reporter-output>
        </test-method> <!-- testBeforeMethod -->
        <test-method status="PASS" signature="test2()[pri:0, instance:script.Test1@2781e022]" name="test2" duration-ms="2" started-at="2018-08-05T13:39:49Z" finished-at="2018-08-05T13:39:49Z">
          <reporter-output>
            <line>
              <![CDATA[Test Method 2]]>
            </line>
          </reporter-output>
        </test-method> <!-- test2 -->
        <test-method status="PASS" signature="testAfterMethod()[pri:0, instance:script.Test1@2781e022]" name="testAfterMethod" is-config="true" duration-ms="0" started-at="2018-08-05T13:39:49Z" finished-at="2018-08-05T13:39:49Z">
          <reporter-output>
            <line>
              <![CDATA[Method ends]]>
            </line>
          </reporter-output>
        </test-method> <!-- testAfterMethod -->
        <test-method status="PASS" signature="test3()[pri:0, instance:script.Test1@2781e022]" name="test3" duration-ms="3" started-at="2018-08-05T13:39:49Z" finished-at="2018-08-05T13:39:49Z">
          <reporter-output>
            <line>
              <![CDATA[Test Method 3]]>
            </line>
          </reporter-output>
        </test-method> <!-- test3 -->
        <test-method status="PASS" signature="testBeforeMethod()[pri:0, instance:script.Test1@2781e022]" name="testBeforeMethod" is-config="true" duration-ms="0" started-at="2018-08-05T13:39:49Z" finished-at="2018-08-05T13:39:49Z">
          <reporter-output>
            <line>
              <![CDATA[Method starts]]>
            </line>
          </reporter-output>
        </test-method> <!-- testBeforeMethod -->
        <test-method status="PASS" signature="testAfterMethod()[pri:0, instance:script.Test1@2781e022]" name="testAfterMethod" is-config="true" duration-ms="1" started-at="2018-08-05T13:39:49Z" finished-at="2018-08-05T13:39:49Z">
          <reporter-output>
            <line>
              <![CDATA[Method ends]]>
            </line>
          </reporter-output>
        </test-method> <!-- testAfterMethod -->
        <test-method status="PASS" signature="testAfterClass()[pri:0, instance:script.Test1@2781e022]" name="testAfterClass" is-config="true" duration-ms="2" started-at="2018-08-05T13:39:49Z" finished-at="2018-08-05T13:39:49Z">
          <reporter-output>
            <line>
              <![CDATA[Test class Ends]]>
            </line>
          </reporter-output>
        </test-method> <!-- testAfterClass -->
        <test-method status="PASS" signature="testAfterTest()[pri:0, instance:script.Test1@2781e022]" name="testAfterTest" is-config="true" duration-ms="9" started-at="2018-08-05T13:39:49Z" finished-at="2018-08-05T13:39:49Z">
          <reporter-output>
            <line>
              <![CDATA[Test Ends]]>
            </line>
          </reporter-output>
        </test-method> <!-- testAfterTest -->
        <test-method status="PASS" signature="testAfterSuite()[pri:0, instance:script.Test1@2781e022]" name="testAfterSuite" is-config="true" duration-ms="0" started-at="2018-08-05T13:39:49Z" finished-at="2018-08-05T13:39:49Z">
          <reporter-output>
            <line>
              <![CDATA[Suite ends]]>
            </line>
          </reporter-output>
        </test-method> <!-- testAfterSuite -->
      </class> <!-- script.Test1 -->
    </test> <!-- Default test -->
  </suite> <!-- Default suite -->
</testng-results>
